<?xml version="1.0" encoding="UTF-8"?>
<!-- Generated by org.testng.reporters.JUnitXMLReporter -->
<testsuite ignored="0" hostname="LAPTOP-B0V6ACNR" failures="0" tests="3" name="Test" time="0.088" errors="0" timestamp="03 Sep 2022 14:41:25 GMT">
  <testcase classname="com.Mytests.BaseTest" name="@BeforeMethod setUpTest" time="0.0">
    <failure type="org.testng.TestNGException" message="
Parameter &amp;apos;Browser&amp;apos; is required by BeforeMethod on method setUpTest but has not been marked @Optional or defined
in C:\Users\91992\eclipse-workspace\OOPSconceptinPOM\testng.xml">
      <![CDATA[org.testng.TestNGException: 
Parameter 'Browser' is required by BeforeMethod on method setUpTest but has not been marked @Optional or defined
in C:\Users\91992\eclipse-workspace\OOPSconceptinPOM\testng.xml
	at java.base/java.util.concurrent.ThreadPoolExecutor.runWorker(ThreadPoolExecutor.java:1136)
	at java.base/java.util.concurrent.ThreadPoolExecutor$Worker.run(ThreadPoolExecutor.java:635)
	at java.base/java.lang.Thread.run(Thread.java:833)
... Removed 9 stack frames]]>
    </failure>
  </testcase> <!-- @BeforeMethod setUpTest -->
  <testcase classname="com.Mytests.BaseTest" name="@BeforeMethod setUpTest" time="0.0">
    <skipped/>
  </testcase> <!-- @BeforeMethod setUpTest -->
  <testcase classname="com.Mytests.BaseTest" name="@BeforeMethod setUpTest" time="0.0">
    <skipped/>
  </testcase> <!-- @BeforeMethod setUpTest -->
  <testcase classname="com.Mytests.loginTest" name="verifyloginpagetitletest" time="0.0">
    <skipped/>
  </testcase> <!-- verifyloginpagetitletest -->
  <testcase classname="com.Mytests.loginTest" name="verifyloginpageheader" time="0.0">
    <skipped/>
  </testcase> <!-- verifyloginpageheader -->
  <testcase classname="com.Mytests.loginTest" name="doLoginTest" time="0.0">
    <skipped/>
  </testcase> <!-- doLoginTest -->
</testsuite> <!-- Test -->
